<?xml version="1.0" encoding="UTF-8"?>
<testng-results ignored="0" total="1" passed="1" failed="0" skipped="0">
  <reporter-output>
  </reporter-output>
  <suite started-at="2023-10-23T21:45:22 EEST" name="Default suite" finished-at="2023-10-23T21:45:31 EEST" duration-ms="9194">
    <groups>
    </groups>
    <test started-at="2023-10-23T21:45:22 EEST" name="Default test" finished-at="2023-10-23T21:45:31 EEST" duration-ms="9194">
      <class name="tests.LoginTest">
        <test-method is-config="true" signature="setup()[pri:0, instance:tests.LoginTest@4efac082]" started-at="2023-10-23T21:45:22 EEST" name="setup" finished-at="2023-10-23T21:45:25 EEST" duration-ms="3195" status="PASS">
          <reporter-output>
          </reporter-output>
        </test-method> <!-- setup -->
        <test-method signature="validLogin()[pri:1, instance:tests.LoginTest@4efac082]" started-at="2023-10-23T21:45:25 EEST" name="validLogin" finished-at="2023-10-23T21:45:26 EEST" duration-ms="1320" status="PASS">
          <reporter-output>
          </reporter-output>
        </test-method> <!-- validLogin -->
        <test-method is-config="true" signature="tearDown()[pri:0, instance:tests.LoginTest@4efac082]" started-at="2023-10-23T21:45:26 EEST" name="tearDown" finished-at="2023-10-23T21:45:31 EEST" duration-ms="4644" status="PASS">
          <reporter-output>
          </reporter-output>
        </test-method> <!-- tearDown -->
      </class> <!-- tests.LoginTest -->
    </test> <!-- Default test -->
  </suite> <!-- Default suite -->
</testng-results>
