<?xml version="1.0" encoding="UTF-8"?>
<testng-results ignored="0" total="1" passed="1" failed="0" skipped="0">
  <reporter-output>
  </reporter-output>
  <suite started-at="2023-10-16T21:07:42 EEST" name="Default suite" finished-at="2023-10-16T21:07:45 EEST" duration-ms="3133">
    <groups>
    </groups>
    <test started-at="2023-10-16T21:07:42 EEST" name="Default test" finished-at="2023-10-16T21:07:45 EEST" duration-ms="3133">
      <class name="curs13.TestSelenium">
        <test-method signature="openBrowser()[pri:0, instance:curs13.TestSelenium@342c38f8]" started-at="2023-10-16T21:07:42 EEST" name="openBrowser" finished-at="2023-10-16T21:07:45 EEST" duration-ms="3094" status="PASS">
          <reporter-output>
          </reporter-output>
        </test-method> <!-- openBrowser -->
      </class> <!-- curs13.TestSelenium -->
    </test> <!-- Default test -->
  </suite> <!-- Default suite -->
</testng-results>
